[INFO] Scanning for projects...
[INFO]                                                                         
[INFO] ------------------------------------------------------------------------
[INFO] Building hadoop-ecosystem 4.0
[INFO] ------------------------------------------------------------------------
[INFO] 
[INFO] --- maven-clean-plugin:2.5:clean (default-clean) @ hadoop-ecosystem ---
[INFO] Deleting D:\Projects\ws_mars\hadoop-ecosystem\target
[INFO] 
[INFO] --- maven-resources-plugin:2.6:resources (default-resources) @ hadoop-ecosystem ---
[INFO] Using 'UTF-8' encoding to copy filtered resources.
[INFO] Copying 2 resources
[INFO] 
[INFO] --- maven-compiler-plugin:3.3:compile (default-compile) @ hadoop-ecosystem ---
[INFO] Changes detected - recompiling the module!
[INFO] Compiling 11 source files to D:\Projects\ws_mars\hadoop-ecosystem\target\classes
[INFO] 
[INFO] --- maven-resources-plugin:2.6:testResources (default-testResources) @ hadoop-ecosystem ---
[INFO] Using 'UTF-8' encoding to copy filtered resources.
[INFO] Copying 2 resources
[INFO] 
[INFO] --- maven-compiler-plugin:3.3:testCompile (default-testCompile) @ hadoop-ecosystem ---
[INFO] Changes detected - recompiling the module!
[INFO] Compiling 3 source files to D:\Projects\ws_mars\hadoop-ecosystem\target\test-classes
[INFO] 
[INFO] --- maven-surefire-plugin:2.12.4:test (default-test) @ hadoop-ecosystem ---
[INFO] Surefire report directory: D:\Projects\ws_mars\hadoop-ecosystem\target\surefire-reports

-------------------------------------------------------
 T E S T S
-------------------------------------------------------
Running org.apn.hadoop.mapreduce.conf.ConfTest
2015-11-27 11:12:04,504 WARN  [main] conf.Configuration (Configuration.java:loadProperty(2537)) - configuration-2.xml:an attempt to override final parameter: weight;  Ignoring.
Tests run: 1, Failures: 0, Errors: 0, Skipped: 0, Time elapsed: 0.337 sec
Running org.apn.hadoop.mapreduce.maxtemp.MaxTemperatureMapperTest
Tests run: 1, Failures: 0, Errors: 0, Skipped: 1, Time elapsed: 0 sec
Running org.apn.hadoop.mapreduce.maxtemp.MaxTemperatureReducerTest
Tests run: 1, Failures: 0, Errors: 0, Skipped: 1, Time elapsed: 0 sec

Results :

Tests run: 3, Failures: 0, Errors: 0, Skipped: 2

[INFO] 
[INFO] --- maven-jar-plugin:2.6:jar (default-jar) @ hadoop-ecosystem ---
[INFO] Building jar: D:\Projects\ws_mars\hadoop-ecosystem\hadoop-examples-4.0.jar
[INFO] 
[INFO] --- maven-shade-plugin:2.4.2:shade (default) @ hadoop-ecosystem ---
[INFO] Including org.apache.hadoop:hadoop-client:jar:2.6.0 in the shaded jar.
[INFO] Including org.apache.hadoop:hadoop-common:jar:2.6.0 in the shaded jar.
[INFO] Including commons-cli:commons-cli:jar:1.2 in the shaded jar.
[INFO] Including org.apache.commons:commons-math3:jar:3.1.1 in the shaded jar.
[INFO] Including xmlenc:xmlenc:jar:0.52 in the shaded jar.
[INFO] Including commons-httpclient:commons-httpclient:jar:3.1 in the shaded jar.
[INFO] Including commons-codec:commons-codec:jar:1.4 in the shaded jar.
[INFO] Including commons-io:commons-io:jar:2.4 in the shaded jar.
[INFO] Including commons-net:commons-net:jar:3.1 in the shaded jar.
[INFO] Including commons-collections:commons-collections:jar:3.2.1 in the shaded jar.
[INFO] Including log4j:log4j:jar:1.2.17 in the shaded jar.
[INFO] Including commons-lang:commons-lang:jar:2.6 in the shaded jar.
[INFO] Including commons-configuration:commons-configuration:jar:1.6 in the shaded jar.
[INFO] Including commons-digester:commons-digester:jar:1.8 in the shaded jar.
[INFO] Including commons-beanutils:commons-beanutils:jar:1.7.0 in the shaded jar.
[INFO] Including commons-beanutils:commons-beanutils-core:jar:1.8.0 in the shaded jar.
[INFO] Including org.slf4j:slf4j-api:jar:1.7.5 in the shaded jar.
[INFO] Including org.slf4j:slf4j-log4j12:jar:1.7.5 in the shaded jar.
[INFO] Including org.codehaus.jackson:jackson-core-asl:jar:1.9.13 in the shaded jar.
[INFO] Including org.codehaus.jackson:jackson-mapper-asl:jar:1.9.13 in the shaded jar.
[INFO] Including org.apache.avro:avro:jar:1.7.4 in the shaded jar.
[INFO] Including com.thoughtworks.paranamer:paranamer:jar:2.3 in the shaded jar.
[INFO] Including org.xerial.snappy:snappy-java:jar:1.0.4.1 in the shaded jar.
[INFO] Including com.google.protobuf:protobuf-java:jar:2.5.0 in the shaded jar.
[INFO] Including com.google.code.gson:gson:jar:2.2.4 in the shaded jar.
[INFO] Including org.apache.hadoop:hadoop-auth:jar:2.6.0 in the shaded jar.
[INFO] Including org.apache.httpcomponents:httpclient:jar:4.2.5 in the shaded jar.
[INFO] Including org.apache.directory.server:apacheds-kerberos-codec:jar:2.0.0-M15 in the shaded jar.
[INFO] Including org.apache.directory.server:apacheds-i18n:jar:2.0.0-M15 in the shaded jar.
[INFO] Including org.apache.directory.api:api-asn1-api:jar:1.0.0-M20 in the shaded jar.
[INFO] Including org.apache.directory.api:api-util:jar:1.0.0-M20 in the shaded jar.
[INFO] Including org.apache.curator:curator-framework:jar:2.6.0 in the shaded jar.
[INFO] Including org.apache.curator:curator-client:jar:2.6.0 in the shaded jar.
[INFO] Including org.apache.curator:curator-recipes:jar:2.6.0 in the shaded jar.
[INFO] Including com.google.code.findbugs:jsr305:jar:1.3.9 in the shaded jar.
[INFO] Including org.htrace:htrace-core:jar:3.0.4 in the shaded jar.
[INFO] Including org.apache.zookeeper:zookeeper:jar:3.4.6 in the shaded jar.
[INFO] Including org.apache.commons:commons-compress:jar:1.4.1 in the shaded jar.
[INFO] Including org.tukaani:xz:jar:1.0 in the shaded jar.
[INFO] Including org.apache.hadoop:hadoop-hdfs:jar:2.6.0 in the shaded jar.
[INFO] Including org.mortbay.jetty:jetty-util:jar:6.1.26 in the shaded jar.
[INFO] Including io.netty:netty:jar:3.6.2.Final in the shaded jar.
[INFO] Including xerces:xercesImpl:jar:2.9.1 in the shaded jar.
[INFO] Including xml-apis:xml-apis:jar:1.3.04 in the shaded jar.
[INFO] Including org.apache.hadoop:hadoop-mapreduce-client-app:jar:2.6.0 in the shaded jar.
[INFO] Including org.apache.hadoop:hadoop-mapreduce-client-common:jar:2.6.0 in the shaded jar.
[INFO] Including org.apache.hadoop:hadoop-yarn-client:jar:2.6.0 in the shaded jar.
[INFO] Including org.apache.hadoop:hadoop-mapreduce-client-shuffle:jar:2.6.0 in the shaded jar.
[INFO] Including org.fusesource.leveldbjni:leveldbjni-all:jar:1.8 in the shaded jar.
[INFO] Including org.apache.hadoop:hadoop-yarn-api:jar:2.6.0 in the shaded jar.
[INFO] Including org.apache.hadoop:hadoop-mapreduce-client-core:jar:2.6.0 in the shaded jar.
[INFO] Including org.apache.hadoop:hadoop-yarn-common:jar:2.6.0 in the shaded jar.
[INFO] Including javax.xml.bind:jaxb-api:jar:2.2.2 in the shaded jar.
[INFO] Including javax.xml.stream:stax-api:jar:1.0-2 in the shaded jar.
[INFO] Including javax.activation:activation:jar:1.1 in the shaded jar.
[INFO] Including com.sun.jersey:jersey-client:jar:1.9 in the shaded jar.
[INFO] Including org.codehaus.jackson:jackson-jaxrs:jar:1.9.13 in the shaded jar.
[INFO] Including org.codehaus.jackson:jackson-xc:jar:1.9.13 in the shaded jar.
[INFO] Including org.apache.hadoop:hadoop-mapreduce-client-jobclient:jar:2.6.0 in the shaded jar.
[INFO] Including org.apache.hadoop:hadoop-annotations:jar:2.6.0 in the shaded jar.
[INFO] Including commons-logging:commons-logging:jar:1.1.1 in the shaded jar.
[INFO] Including com.google.guava:guava:jar:11.0.2 in the shaded jar.
[INFO] Including javax.servlet:servlet-api:jar:2.5 in the shaded jar.
[INFO] Including com.sun.jersey:jersey-core:jar:1.9 in the shaded jar.
[INFO] Including org.apache.httpcomponents:httpcore:jar:4.1.2 in the shaded jar.
[INFO] Including org.apache.hadoop:hadoop-yarn-server-common:jar:2.6.0 in the shaded jar.
[WARNING] commons-beanutils-core-1.8.0.jar, commons-beanutils-1.7.0.jar define 82 overlapping classes: 
[WARNING]   - org.apache.commons.beanutils.ConvertUtilsBean
[WARNING]   - org.apache.commons.beanutils.converters.SqlTimeConverter
[WARNING]   - org.apache.commons.beanutils.Converter
[WARNING]   - org.apache.commons.beanutils.converters.FloatArrayConverter
[WARNING]   - org.apache.commons.beanutils.NestedNullException
[WARNING]   - org.apache.commons.beanutils.ConvertingWrapDynaBean
[WARNING]   - org.apache.commons.beanutils.converters.LongArrayConverter
[WARNING]   - org.apache.commons.beanutils.converters.SqlDateConverter
[WARNING]   - org.apache.commons.beanutils.converters.BooleanArrayConverter
[WARNING]   - org.apache.commons.beanutils.converters.StringConverter
[WARNING]   - 72 more...
[WARNING] hadoop-yarn-common-2.6.0.jar, hadoop-yarn-client-2.6.0.jar define 2 overlapping classes: 
[WARNING]   - org.apache.hadoop.yarn.client.api.package-info
[WARNING]   - org.apache.hadoop.yarn.client.api.impl.package-info
[WARNING] commons-collections-3.2.1.jar, commons-beanutils-core-1.8.0.jar, commons-beanutils-1.7.0.jar define 10 overlapping classes: 
[WARNING]   - org.apache.commons.collections.FastHashMap$EntrySet
[WARNING]   - org.apache.commons.collections.FastHashMap$KeySet
[WARNING]   - org.apache.commons.collections.FastHashMap$CollectionView$CollectionViewIterator
[WARNING]   - org.apache.commons.collections.ArrayStack
[WARNING]   - org.apache.commons.collections.FastHashMap$Values
[WARNING]   - org.apache.commons.collections.FastHashMap$CollectionView
[WARNING]   - org.apache.commons.collections.FastHashMap$1
[WARNING]   - org.apache.commons.collections.Buffer
[WARNING]   - org.apache.commons.collections.FastHashMap
[WARNING]   - org.apache.commons.collections.BufferUnderflowException
[WARNING] hadoop-yarn-common-2.6.0.jar, hadoop-yarn-api-2.6.0.jar define 3 overlapping classes: 
[WARNING]   - org.apache.hadoop.yarn.util.package-info
[WARNING]   - org.apache.hadoop.yarn.factories.package-info
[WARNING]   - org.apache.hadoop.yarn.factory.providers.package-info
[WARNING] maven-shade-plugin has detected that some class files are
[WARNING] present in two or more JARs. When this happens, only one
[WARNING] single version of the class is copied to the uber jar.
[WARNING] Usually this is not harmful and you can skip these warnings,
[WARNING] otherwise try to manually exclude artifacts based on
[WARNING] mvn dependency:tree -Ddetail=true and the above output.
[WARNING] See http://maven.apache.org/plugins/maven-shade-plugin/
[INFO] Replacing original artifact with shaded artifact.
[INFO] Replacing D:\Projects\ws_mars\hadoop-ecosystem\hadoop-examples-4.0.jar with D:\Projects\ws_mars\hadoop-ecosystem\target\hadoop-ecosystem-4.0-shaded.jar
[INFO] Dependency-reduced POM written at: D:\Projects\ws_mars\hadoop-ecosystem\dependency-reduced-pom.xml
[INFO] Dependency-reduced POM written at: D:\Projects\ws_mars\hadoop-ecosystem\dependency-reduced-pom.xml
[INFO] 
[INFO] --- maven-install-plugin:2.4:install (default-install) @ hadoop-ecosystem ---
[INFO] Installing D:\Projects\ws_mars\hadoop-ecosystem\hadoop-examples-4.0.jar to C:\Users\amit.nema\.m2\repository\com\hadoopbook\hadoop-ecosystem\4.0\hadoop-ecosystem-4.0.jar
[INFO] Installing D:\Projects\ws_mars\hadoop-ecosystem\dependency-reduced-pom.xml to C:\Users\amit.nema\.m2\repository\com\hadoopbook\hadoop-ecosystem\4.0\hadoop-ecosystem-4.0.pom
[INFO] 
[INFO] --- hmrjp-maven-plugin:1.0-SNAPSHOT:hmr-input (default) @ hadoop-ecosystem ---
[INFO] ------------------------------------------------------------------------
[INFO] BUILD FAILURE
[INFO] ------------------------------------------------------------------------
[INFO] Total time: 8.690 s
[INFO] Finished at: 2015-11-27T11:12:09+05:30
[INFO] Final Memory: 30M/442M
[INFO] ------------------------------------------------------------------------
[ERROR] Failed to execute goal perself:hmrjp-maven-plugin:1.0-SNAPSHOT:hmr-input (default) on project hadoop-ecosystem: Execution default of goal perself:hmrjp-maven-plugin:1.0-SNAPSHOT:hmr-input failed. NullPointerException -> [Help 1]
[ERROR] 
[ERROR] To see the full stack trace of the errors, re-run Maven with the -e switch.
[ERROR] Re-run Maven using the -X switch to enable full debug logging.
[ERROR] 
[ERROR] For more information about the errors and possible solutions, please read the following articles:
[ERROR] [Help 1] http://cwiki.apache.org/confluence/display/MAVEN/PluginExecutionException
54310